0 info it worked if it ends with ok
1 verbose cli [ '/usr/bin/node', '/usr/bin/npm', 'install', '-g', 'clusters' ]
2 info using npm@3.5.2
3 info using node@v8.10.0
4 silly loadCurrentTree Starting
5 silly install loadCurrentTree
6 silly install readGlobalPackageData
7 silly fetchPackageMetaData clusters
8 silly fetchNamedPackageData clusters
9 silly mapToRegistry name clusters
10 silly mapToRegistry using default registry
11 silly mapToRegistry registry https://registry.npmjs.org/
12 silly mapToRegistry uri https://registry.npmjs.org/clusters
13 verbose request uri https://registry.npmjs.org/clusters
14 verbose request no auth needed
15 info attempt registry request try #1 at 1:03:20 PM
16 verbose request id 19e94df96bfc5dc7
17 verbose etag W/"aa959094a539c3732d93f71385daa7e6"
18 verbose lastModified Sat, 26 May 2018 20:07:07 GMT
19 http request GET https://registry.npmjs.org/clusters
20 http 304 https://registry.npmjs.org/clusters
21 verbose headers { date: 'Fri, 05 Oct 2018 07:33:20 GMT',
21 verbose headers   connection: 'keep-alive',
21 verbose headers   'set-cookie':
21 verbose headers    [ '__cfduid=d3ee955e04005ac2757d110ac2b2e4c391538724800; expires=Sat, 05-Oct-19 07:33:20 GMT; path=/; domain=.registry.npmjs.org; HttpOnly' ],
21 verbose headers   'cf-cache-status': 'HIT',
21 verbose headers   'cache-control': 'max-age=300',
21 verbose headers   'cf-ray': '464e3315fdd42fdb-MAA',
21 verbose headers   etag: '"aa959094a539c3732d93f71385daa7e6"',
21 verbose headers   'expect-ct': 'max-age=604800, report-uri="https://report-uri.cloudflare.com/cdn-cgi/beacon/expect-ct"',
21 verbose headers   'last-modified': 'Sat, 26 May 2018 20:07:07 GMT',
21 verbose headers   vary: 'accept-encoding, accept',
21 verbose headers   server: 'cloudflare' }
22 silly get cb [ 304,
22 silly get   { date: 'Fri, 05 Oct 2018 07:33:20 GMT',
22 silly get     connection: 'keep-alive',
22 silly get     'set-cookie':
22 silly get      [ '__cfduid=d3ee955e04005ac2757d110ac2b2e4c391538724800; expires=Sat, 05-Oct-19 07:33:20 GMT; path=/; domain=.registry.npmjs.org; HttpOnly' ],
22 silly get     'cf-cache-status': 'HIT',
22 silly get     'cache-control': 'max-age=300',
22 silly get     'cf-ray': '464e3315fdd42fdb-MAA',
22 silly get     etag: '"aa959094a539c3732d93f71385daa7e6"',
22 silly get     'expect-ct': 'max-age=604800, report-uri="https://report-uri.cloudflare.com/cdn-cgi/beacon/expect-ct"',
22 silly get     'last-modified': 'Sat, 26 May 2018 20:07:07 GMT',
22 silly get     vary: 'accept-encoding, accept',
22 silly get     server: 'cloudflare' } ]
23 verbose etag https://registry.npmjs.org/clusters from cache
24 verbose get saving clusters to /home/harsh/.npm/registry.npmjs.org/clusters/.cache.json
25 silly install normalizeTree
26 silly loadCurrentTree Finishing
27 silly loadIdealTree Starting
28 silly install loadIdealTree
29 silly cloneCurrentTree Starting
30 silly install cloneCurrentTreeToIdealTree
31 silly cloneCurrentTree Finishing
32 silly loadShrinkwrap Starting
33 silly install loadShrinkwrap
34 silly loadShrinkwrap Finishing
35 silly loadAllDepsIntoIdealTree Starting
36 silly install loadAllDepsIntoIdealTree
37 silly resolveWithNewModule clusters@0.0.4 checking installable status
38 silly cache add args [ 'clusters', null ]
39 verbose cache add spec clusters
40 silly cache add parsed spec Result {
40 silly cache add   raw: 'clusters',
40 silly cache add   scope: null,
40 silly cache add   name: 'clusters',
40 silly cache add   rawSpec: '',
40 silly cache add   spec: 'latest',
40 silly cache add   type: 'tag' }
41 silly addNamed clusters@latest
42 verbose addNamed "latest" is being treated as a dist-tag for clusters
43 info addNameTag [ 'clusters', 'latest' ]
44 silly mapToRegistry name clusters
45 silly mapToRegistry using default registry
46 silly mapToRegistry registry https://registry.npmjs.org/
47 silly mapToRegistry uri https://registry.npmjs.org/clusters
48 verbose addNameTag registry:https://registry.npmjs.org/clusters not in flight; fetching
49 verbose get https://registry.npmjs.org/clusters not expired, no request
50 silly addNameTag next cb for clusters with tag latest
51 silly addNamed clusters@0.0.4
52 verbose addNamed "0.0.4" is a plain semver version for clusters
53 silly cache afterAdd clusters@0.0.4
54 verbose afterAdd /home/harsh/.npm/clusters/0.0.4/package/package.json not in flight; writing
55 verbose afterAdd /home/harsh/.npm/clusters/0.0.4/package/package.json written
56 silly loadAllDepsIntoIdealTree Finishing
57 silly idealTree:prePrune lib
57 silly idealTree:prePrune `-- clusters@0.0.4
58 silly loadIdealTree Finishing
59 silly currentTree lib
60 silly idealTree lib
60 silly idealTree `-- clusters@0.0.4
61 silly generateActionsToTake Starting
62 silly install generateActionsToTake
63 warn checkPermissions Missing write access to /usr/local/lib/node_modules
64 silly rollbackFailedOptional Starting
65 silly rollbackFailedOptional Finishing
66 silly runTopLevelLifecycles Starting
67 silly runTopLevelLifecycles Finishing
68 silly install printInstalled
69 verbose stack Error: EACCES: permission denied, access '/usr/local/lib/node_modules'
70 verbose cwd /home/harsh/Documents/7th_sem/SE/SE_Project
71 error Linux 4.15.0-36-generic
72 error argv "/usr/bin/node" "/usr/bin/npm" "install" "-g" "clusters"
73 error node v8.10.0
74 error npm  v3.5.2
75 error path /usr/local/lib/node_modules
76 error code EACCES
77 error errno -13
78 error syscall access
79 error Error: EACCES: permission denied, access '/usr/local/lib/node_modules'
79 error  { Error: EACCES: permission denied, access '/usr/local/lib/node_modules'
79 error   errno: -13,
79 error   code: 'EACCES',
79 error   syscall: 'access',
79 error   path: '/usr/local/lib/node_modules' }
80 error Please try running this command again as root/Administrator.
81 verbose exit [ -13, true ]
